Using pre-set license
Built from '2020.2/release' branch; Version is '2020.2.2f1 (068178b99f32) revision 426360'; Using compiler version '192528614'; Build Type 'Release'
OS: 'Windows 10 Pro; OS build 19043.1415; Version 2009; 64bit' Language: 'pt' Physical Memory: 16321 MB
BatchMode: 1, IsHumanControllingUs: 0, StartBugReporterOnCrash: 0, Is64bit: 1, IsPro: 0

 COMMAND LINE ARGUMENTS:
C:\Program Files\Unity\Hub\Editor\2020.2.2f1\Editor\Unity.exe
-adb2
-batchMode
-noUpm
-name
AssetImportWorker0
-projectPath
C:/Users/NL/Desktop/L/Fun Stuff/CombatPotato/7th version/CPv7
-logFile
Logs/AssetImportWorker0.log
-srvPort
56434
Successfully changed project path to: C:/Users/NL/Desktop/L/Fun Stuff/CombatPotato/7th version/CPv7
C:/Users/NL/Desktop/L/Fun Stuff/CombatPotato/7th version/CPv7
Using Asset Import Pipeline V2.
Refreshing native plugins compatible for Editor in 39.92 ms, found 1 plugins.
Preloading 0 native plugins for Editor in 0.00 ms.
Initialize engine version: 2020.2.2f1 (068178b99f32)
[Subsystems] Discovering subsystems at path C:/Program Files/Unity/Hub/Editor/2020.2.2f1/Editor/Data/Resources/UnitySubsystems
[Subsystems] Discovering subsystems at path C:/Users/NL/Desktop/L/Fun Stuff/CombatPotato/7th version/CPv7/Assets
GfxDevice: creating device client; threaded=0
Direct3D:
    Version:  Direct3D 11.0 [level 11.1]
    Renderer: NVIDIA GeForce GTX 960 (ID=0x1401)
    Vendor:   
    VRAM:     2007 MB
    Driver:   27.21.14.5206
Initialize mono
Mono path[0] = 'C:/Program Files/Unity/Hub/Editor/2020.2.2f1/Editor/Data/Managed'
Mono path[1] = 'C:/Program Files/Unity/Hub/Editor/2020.2.2f1/Editor/Data/MonoBleedingEdge/lib/mono/unityjit'
Mono config path = 'C:/Program Files/Unity/Hub/Editor/2020.2.2f1/Editor/Data/MonoBleedingEdge/etc'
Using monoOptions --debugger-agent=transport=dt_socket,embedding=1,server=y,suspend=n,address=127.0.0.1:56084
Begin MonoManager ReloadAssembly
Registering precompiled unity dll's ...
Register platform support module: C:/Program Files/Unity/Hub/Editor/2020.2.2f1/Editor/Data/PlaybackEngines/WindowsStandaloneSupport/UnityEditor.WindowsStandalone.Extensions.dll
Registered in 0.002153 seconds.
Native extension for WindowsStandalone target not found
Refreshing native plugins compatible for Editor in 35.81 ms, found 1 plugins.
Preloading 0 native plugins for Editor in 0.00 ms.
Invoked RoslynAnalysisRunner static constructor.
RoslynAnalysisRunner will not be running.
RoslynAnalysisRunner has terminated.
Mono: successfully reloaded assembly
- Completed reload, in  1.227 seconds
Platform modules already initialized, skipping
Registering precompiled user dll's ...
Registered in 0.000949 seconds.
Begin MonoManager ReloadAssembly
Native extension for WindowsStandalone target not found
Refreshing native plugins compatible for Editor in 36.37 ms, found 1 plugins.
Preloading 0 native plugins for Editor in 0.00 ms.
Invoked RoslynAnalysisRunner static constructor.
RoslynAnalysisRunner will not be running.
RoslynAnalysisRunner has terminated.
Mono: successfully reloaded assembly
- Completed reload, in  0.965 seconds
Platform modules already initialized, skipping
========================================================================
Worker process is ready to serve import requests
Launched and connected shader compiler UnityShaderCompiler.exe after 0.03 seconds
Refreshing native plugins compatible for Editor in 0.55 ms, found 1 plugins.
Preloading 0 native plugins for Editor in 0.00 ms.
Unloading 1792 Unused Serialized files (Serialized files now loaded: 0)
System memory in use before: 84.2 MB.
System memory in use after: 84.1 MB.

Unloading 24 unused Assets to reduce memory usage. Loaded Objects now: 2233.
Total: 2.765000 ms (FindLiveObjects: 0.176700 ms CreateObjectMapping: 0.068900 ms MarkObjects: 2.375900 ms  DeleteObjects: 0.142100 ms)

========================================================================
Received Import Request.
  path: Assets/Scenes
  artifactKey: Guid(4c888d43968b84c45a76db818cdbd402) Importer(815301076,1909f56bfc062723c751e8b465ee728b)
Start importing Assets/Scenes using Guid(4c888d43968b84c45a76db818cdbd402) Importer(815301076,1909f56bfc062723c751e8b465ee728b)  -> (artifact id: 'a98672925cf1a52c26c30350d50e403d') in 0.024096 seconds
  Import took 0.027175 seconds .

========================================================================
Received Import Request.
  Time since last request: 0.189017 seconds.
  path: Assets/Scenes/SampleScene.unity
  artifactKey: Guid(2cda990e2423bbf4892e6590ba056729) Importer(815301076,1909f56bfc062723c751e8b465ee728b)
Start importing Assets/Scenes/SampleScene.unity using Guid(2cda990e2423bbf4892e6590ba056729) Importer(815301076,1909f56bfc062723c751e8b465ee728b)  -> (artifact id: '694ca9c96bcf791ec7b87cc957ec53a1') in 0.014967 seconds
  Import took 0.018030 seconds .

========================================================================
Received Import Request.
  Time since last request: 15.011429 seconds.
  path: Assets/Scenes/main.unity
  artifactKey: Guid(2cda990e2423bbf4892e6590ba056729) Importer(815301076,1909f56bfc062723c751e8b465ee728b)
Start importing Assets/Scenes/main.unity using Guid(2cda990e2423bbf4892e6590ba056729) Importer(815301076,1909f56bfc062723c751e8b465ee728b)  -> (artifact id: '778f16b4a3e49867d64f131de7d0c28c') in 0.008858 seconds
  Import took 0.012173 seconds .

AssetImportWorkerClient::OnTransportError - code=2 error=End of file
